c:\io-list-automation\io_list_automation\release\vc141.pdb
c:\io-list-automation\io_list_automation\release\string_progress.obj
c:\io-list-automation\io_list_automation\release\string_errors.obj
c:\io-list-automation\io_list_automation\release\strings.obj
c:\io-list-automation\io_list_automation\release\string_info.obj
c:\io-list-automation\io_list_automation\release\signals.obj
c:\io-list-automation\io_list_automation\release\objects.obj
c:\io-list-automation\io_list_automation\release\mainwindow.obj
c:\io-list-automation\io_list_automation\release\kks_editform.obj
c:\io-list-automation\io_list_automation\release\helpform.obj
c:\io-list-automation\io_list_automation\release\design.obj
c:\io-list-automation\io_list_automation\release\config.obj
c:\io-list-automation\io_list_automation\release\aboutform.obj
c:\io-list-automation\io_list_automation\release\.netframework,version=v4.0.assemblyattributes.obj
c:\io-list-automation\io_list_automation\release\.netframework,version=v4.0.assemblyattributes.asm
c:\io-list-automation\io_list_automation\release\scada.obj
c:\io-list-automation\io_list_automation\release\object_check_form.obj
c:\io-list-automation\io_list_automation\release\instance.obj
c:\io-list-automation\io_list_automation\release\global_functions.obj
c:\io-list-automation\io_list_automation\release\declare.obj
c:\io-list-automation\io_list_automation\release\address_form.obj
c:\io-list-automation\io_list_automation\release\aaa_test_form.obj
c:\io-list-automation\io_list_automation\release\iolistautomation.aboutform.resources
c:\io-list-automation\io_list_automation\release\iolistautomation.helpform.resources
c:\io-list-automation\io_list_automation\release\iolistautomation.kks_editform.resources
c:\io-list-automation\io_list_automation\release\iolistautomation.mainwindow.resources
c:\io-list-automation\io_list_automation\release\iolistautomation.aaa_test_form.resources
c:\io-list-automation\io_list_automation\release\iolistautomation.address_form.resources
c:\io-list-automation\io_list_automation\release\iolistautomation.object_check_form.resources
c:\io-list-automation\release\io_list_automation.exe
c:\io-list-automation\release\io_list_automation.pdb
c:\io-list-automation\io_list_automation\release\io_list_automation.res
c:\io-list-automation\io_list_automation\release\io_list_automation.vcxproj.generateresource.cache
c:\io-list-automation\io_list_automation\release\io_list_automation.vcxprojassemblyreference.cache
c:\io-list-automation\io_list_automation\release\io_list_.e548414f.tlog\cl.command.1.tlog
c:\io-list-automation\io_list_automation\release\io_list_.e548414f.tlog\cl.read.1.tlog
c:\io-list-automation\io_list_automation\release\io_list_.e548414f.tlog\cl.write.1.tlog
c:\io-list-automation\io_list_automation\release\io_list_.e548414f.tlog\io_list_automation.write.1u.tlog
c:\io-list-automation\io_list_automation\release\io_list_.e548414f.tlog\link.command.1.tlog
c:\io-list-automation\io_list_automation\release\io_list_.e548414f.tlog\link.read.1.tlog
c:\io-list-automation\io_list_automation\release\io_list_.e548414f.tlog\link.write.1.tlog
c:\io-list-automation\io_list_automation\release\io_list_.e548414f.tlog\metagen.read.1.tlog
c:\io-list-automation\io_list_automation\release\io_list_.e548414f.tlog\metagen.write.1.tlog
c:\io-list-automation\io_list_automation\release\io_list_.e548414f.tlog\rc.command.1.tlog
c:\io-list-automation\io_list_automation\release\io_list_.e548414f.tlog\rc.read.1.tlog
c:\io-list-automation\io_list_automation\release\io_list_.e548414f.tlog\rc.write.1.tlog
c:\io-list-automation\io_list_automation\release\io_list_.e548414f.tlog\rsaenh.dll.bi
c:\io-list-automation\io_list_automation\release\io_list_.e548414f.tlog\tzres.dll.bi
