c:\io-list-automation\io_list_automation\debug\vc141.pdb
c:\io-list-automation\io_list_automation\debug\string_progress.obj
c:\io-list-automation\io_list_automation\debug\string_errors.obj
c:\io-list-automation\io_list_automation\debug\strings.obj
c:\io-list-automation\io_list_automation\debug\string_info.obj
c:\io-list-automation\io_list_automation\debug\scada.obj
c:\io-list-automation\io_list_automation\debug\object_check_form.obj
c:\io-list-automation\io_list_automation\debug\mainwindow.obj
c:\io-list-automation\io_list_automation\debug\kks_editform.obj
c:\io-list-automation\io_list_automation\debug\instance.obj
c:\io-list-automation\io_list_automation\debug\helpform.obj
c:\io-list-automation\io_list_automation\debug\declare.obj
c:\io-list-automation\io_list_automation\debug\config.obj
c:\io-list-automation\io_list_automation\debug\aboutform.obj
c:\io-list-automation\io_list_automation\debug\.netframework,version=v4.0.assemblyattributes.obj
c:\io-list-automation\io_list_automation\debug\.netframework,version=v4.0.assemblyattributes.asm
c:\io-list-automation\io_list_automation\debug\signals.obj
c:\io-list-automation\io_list_automation\debug\objects.obj
c:\io-list-automation\io_list_automation\debug\design.obj
c:\io-list-automation\io_list_automation\debug\global_functions.obj
c:\io-list-automation\io_list_automation\debug\aaa_test_form.obj
c:\io-list-automation\io_list_automation\debug\address_form.obj
c:\io-list-automation\io_list_automation\debug\resultform.obj
c:\io-list-automation\io_list_automation\debug\io_declare.obj
c:\io-list-automation\io_list_automation\debug\instance_siemens.obj
c:\io-list-automation\io_list_automation\debug\instance_schneider.obj
c:\io-list-automation\io_list_automation\debug\instance_beckhoff.obj
c:\io-list-automation\io_list_automation\debug\iolistautomation.aboutform.resources
c:\io-list-automation\io_list_automation\debug\iolistautomation.helpform.resources
c:\io-list-automation\io_list_automation\debug\iolistautomation.kks_editform.resources
c:\io-list-automation\io_list_automation\debug\iolistautomation.mainwindow.resources
c:\io-list-automation\io_list_automation\debug\iolistautomation.object_check_form.resources
c:\io-list-automation\io_list_automation\debug\iolistautomation.address_form.resources
c:\io-list-automation\io_list_automation\debug\iolistautomation.aaa_test_form.resources
c:\io-list-automation\io_list_automation\debug\iolistautomation.resultform.resources
c:\io-list-automation\debug\io_list_automation.exe
c:\io-list-automation\debug\io_list_automation.pdb
c:\io-list-automation\io_list_automation\debug\io_list_automation.res
c:\io-list-automation\io_list_automation\debug\io_list_automation.vcxproj.generateresource.cache
c:\io-list-automation\io_list_automation\debug\io_list_automation.vcxprojassemblyreference.cache
c:\io-list-automation\io_list_automation\debug\io_list_.e548414f.tlog\cl.command.1.tlog
c:\io-list-automation\io_list_automation\debug\io_list_.e548414f.tlog\cl.read.1.tlog
c:\io-list-automation\io_list_automation\debug\io_list_.e548414f.tlog\cl.write.1.tlog
c:\io-list-automation\io_list_automation\debug\io_list_.e548414f.tlog\io_list_automation.write.1u.tlog
c:\io-list-automation\io_list_automation\debug\io_list_.e548414f.tlog\link.command.1.tlog
c:\io-list-automation\io_list_automation\debug\io_list_.e548414f.tlog\link.read.1.tlog
c:\io-list-automation\io_list_automation\debug\io_list_.e548414f.tlog\link.write.1.tlog
c:\io-list-automation\io_list_automation\debug\io_list_.e548414f.tlog\metagen.read.1.tlog
c:\io-list-automation\io_list_automation\debug\io_list_.e548414f.tlog\metagen.write.1.tlog
c:\io-list-automation\io_list_automation\debug\io_list_.e548414f.tlog\rc.command.1.tlog
c:\io-list-automation\io_list_automation\debug\io_list_.e548414f.tlog\rc.read.1.tlog
c:\io-list-automation\io_list_automation\debug\io_list_.e548414f.tlog\rc.write.1.tlog
c:\io-list-automation\io_list_automation\debug\io_list_.e548414f.tlog\rsaenh.dll.bi
c:\io-list-automation\io_list_automation\debug\io_list_.e548414f.tlog\tzres.dll.bi
